Final dataset shape: (154, 16)
                    id          Vorname  ... Berlin Global Village  Mosaik Berlin
0      florian_abraham          Florian  ...                   5.0            5.0
1       timon_adenauer       Timon Noah  ...                   4.0            4.0
2         zahra_afshar            Zahra  ...                   4.0            4.0
3  feofania_andreasjan         Feofania  ...                   4.0            3.0
4          jonah_barth  Jonah Alexander  ...                   0.0            0.0

[5 rows x 16 columns]
Unmatched students: 41
Total students: 154
ASP data written to data.lp
Config written to config.lp
% Auto-generated by main.py — do not edit by hand.
% Edit the RULES dict at the top of main.py instead.

min_per_company(7).
company_min("ABB",13).
company_min("Gesobau",10).
company_min("IHK Berlin",7).
company_min("Mosaik Berlin",10).
exact_count("Sparkasse",15).
exact_count("Bundesministerium für Wirtschaft und Energie",19).
max_prio("Caritas Krankenhaus",2).
fill_first("Gesobau",20).
fill_first("ABB",10).
